--- Startup times for process: Primary/TUI ---

times in msec
 clock   self+sourced   self:  sourced script
 clock   elapsed:              other lines

000.001  000.001: --- NVIM STARTING ---
000.120  000.119: event init
000.370  000.250: early init
000.861  000.490: locale set
000.926  000.065: init first window
001.423  000.497: inits 1
001.431  000.008: window checked
001.437  000.006: parsing arguments
001.992  000.039  000.039: require('vim.shared')
002.077  000.045  000.045: require('vim.inspect')
002.122  000.035  000.035: require('vim._options')
002.124  000.129  000.048: require('vim._editor')
002.125  000.240  000.073: require('vim._init_packages')
002.127  000.450: init lua interpreter
002.691  000.564: --- NVIM STARTED ---

--- Startup times for process: Embedded ---

times in msec
 clock   self+sourced   self:  sourced script
 clock   elapsed:              other lines

000.000  000.000: --- NVIM STARTING ---
000.053  000.053: event init
000.223  000.169: early init
000.477  000.254: locale set
000.507  000.030: init first window
000.753  000.246: inits 1
000.768  000.016: window checked
000.771  000.003: parsing arguments
001.159  000.028  000.028: require('vim.shared')
001.229  000.032  000.032: require('vim.inspect')
001.267  000.029  000.029: require('vim._options')
001.268  000.107  000.046: require('vim._editor')
001.270  000.161  000.026: require('vim._init_packages')
001.271  000.339: init lua interpreter
002.702  001.431: expanding arguments
002.716  000.013: inits 2
002.956  000.240: init highlight
002.957  000.001: waiting for UI
003.055  000.099: done waiting for UI
003.058  000.003: clear screen
003.117  000.008  000.008: require('vim.keymap')
003.672  000.612  000.604: require('vim._defaults')
003.673  000.003: init default mappings & autocommands
004.113  000.043  000.043: sourcing /opt/homebrew/Cellar/neovim/0.10.3/share/nvim/runtime/ftplugin.vim
004.187  000.023  000.023: sourcing /opt/homebrew/Cellar/neovim/0.10.3/share/nvim/runtime/indent.vim
004.591  000.160  000.160: require('athar.core.options')
004.993  000.400  000.400: require('athar.core.keymaps')
004.994  000.669  000.109: require('athar.core')
005.631  000.467  000.467: require('lazy')
005.654  000.012  000.012: require('ffi')
005.696  000.022  000.022: require('vim.fs')
005.836  000.137  000.137: require('vim.uri')
005.844  000.188  000.029: require('vim.loader')
006.127  000.222  000.222: require('lazy.stats')
006.284  000.127  000.127: require('lazy.core.util')
006.420  000.135  000.135: require('lazy.core.config')
006.677  000.150  000.150: require('lazy.core.handler')
007.024  000.096  000.096: require('lazy.pkg')
007.028  000.244  000.148: require('lazy.core.meta')
007.035  000.356  000.112: require('lazy.core.plugin')
007.053  000.632  000.126: require('lazy.core.loader')
007.701  000.206  000.206: require('lazy.core.fragments')
012.729  000.252  000.252: require('lazy.core.handler.cmd')
012.864  000.117  000.117: require('lazy.core.handler.keys')
012.952  000.085  000.085: require('lazy.core.handler.event')
013.030  000.076  000.076: require('lazy.core.handler.ft')
015.286  000.056  000.056: sourcing /Users/atharqadri/.local/share/nvim/lazy/go.nvim/ftdetect/filetype.vim
015.784  000.268  000.268: sourcing /opt/homebrew/Cellar/neovim/0.10.3/share/nvim/runtime/filetype.lua
016.962  001.054  001.054: require('gruvbox')
017.919  000.117  000.117: require('vim.version')
019.774  002.016  001.899: sourcing /Users/atharqadri/.local/share/nvim/lazy/gruvbox.nvim/colors/gruvbox.lua
020.503  000.144  000.144: require('actions-preview.backend')
020.588  000.084  000.084: require('actions-preview.config')
020.670  000.080  000.080: require('actions-preview.action')
020.672  000.836  000.528: require('actions-preview')
020.895  000.024  000.024: sourcing /Users/atharqadri/.local/share/nvim/lazy/plenary.nvim/plugin/plenary.vim
022.237  000.685  000.685: require('vim.filetype')
023.084  000.079  000.079: require('luasnip.util.types')
023.086  000.184  000.105: require('luasnip.util.ext_opts')
023.345  000.064  000.064: require('luasnip.util.lazy_table')
023.413  000.066  000.066: require('luasnip.extras.filetype_functions')
023.417  000.266  000.136: require('luasnip.default_config')
023.418  000.331  000.065: require('luasnip.session')
023.420  001.041  000.526: require('luasnip.config')
023.626  000.096  000.096: require('luasnip.util.util')
023.786  000.053  000.053: require('luasnip.nodes.key_indexer')
023.789  000.162  000.108: require('luasnip.nodes.util')
023.921  000.062  000.062: require('luasnip.session.snippet_collection.source')
023.973  000.052  000.052: require('luasnip.util.table')
024.026  000.051  000.051: require('luasnip.util.auto_table')
024.029  000.240  000.074: require('luasnip.session.snippet_collection')
024.230  000.080  000.080: require('luasnip.util.select')
024.330  000.098  000.098: require('luasnip.util.time')
024.555  000.469  000.291: require('luasnip.util._builtin_vars')
024.578  000.548  000.079: require('luasnip.util.environ')
024.639  000.059  000.059: require('luasnip.util.extend_decorator')
024.781  000.080  000.080: require('luasnip.util.path')
025.109  000.135  000.135: require('luasnip.util.log')
025.116  000.330  000.195: require('luasnip.loaders.util')
025.185  000.005  000.005: require('vim.F')
025.192  000.075  000.070: require('luasnip.loaders.data')
025.325  000.132  000.132: require('luasnip.loaders.fs_watchers')
025.331  000.692  000.075: require('luasnip.loaders')
025.346  001.921  000.124: require('luasnip')
025.358  003.846  000.198: sourcing /Users/atharqadri/.local/share/nvim/lazy/LuaSnip/plugin/luasnip.lua
025.444  000.022  000.022: sourcing /Users/atharqadri/.local/share/nvim/lazy/LuaSnip/plugin/luasnip.vim
026.468  000.410  000.410: require('cmp.utils.api')
026.666  000.063  000.063: require('cmp.types.cmp')
026.822  000.082  000.082: require('cmp.utils.misc')
026.855  000.188  000.106: require('cmp.types.lsp')
026.922  000.065  000.065: require('cmp.types.vim')
026.923  000.453  000.137: require('cmp.types')
026.986  000.063  000.063: require('cmp.utils.highlight')
027.155  000.103  000.103: require('cmp.utils.debug')
027.158  000.170  000.067: require('cmp.utils.autocmd')
027.353  001.349  000.253: sourcing /Users/atharqadri/.local/share/nvim/lazy/nvim-cmp/plugin/cmp.lua
027.806  000.144  000.144: require('cmp.utils.char')
027.811  000.237  000.093: require('cmp.utils.str')
028.202  000.149  000.149: require('cmp.utils.buffer')
028.212  000.286  000.138: require('cmp.utils.keymap')
028.214  000.402  000.116: require('cmp.utils.feedkeys')
028.730  000.213  000.213: require('cmp.config.mapping')
028.809  000.077  000.077: require('cmp.utils.cache')
028.927  000.058  000.058: require('cmp.config.compare')
028.928  000.118  000.059: require('cmp.config.default')
028.949  000.619  000.211: require('cmp.config')
028.958  000.743  000.124: require('cmp.utils.async')
029.063  000.050  000.050: require('cmp.utils.pattern')
029.066  000.107  000.056: require('cmp.context')
029.290  000.086  000.086: require('cmp.utils.snippet')
029.344  000.053  000.053: require('cmp.matcher')
029.351  000.216  000.077: require('cmp.entry')
029.355  000.289  000.073: require('cmp.source')
029.471  000.056  000.056: require('cmp.utils.event')
029.647  000.049  000.049: require('cmp.utils.options')
029.649  000.123  000.074: require('cmp.utils.window')
029.651  000.178  000.055: require('cmp.view.docs_view')
029.721  000.069  000.069: require('cmp.view.custom_entries_view')
029.783  000.061  000.061: require('cmp.view.wildmenu_entries_view')
029.841  000.057  000.057: require('cmp.view.native_entries_view')
029.911  000.069  000.069: require('cmp.view.ghost_text_view')
029.915  000.559  000.068: require('cmp.view')
030.369  002.905  000.569: require('cmp.core')
030.501  000.060  000.060: require('cmp.config.sources')
030.553  000.051  000.051: require('cmp.config.window')
030.574  003.206  000.190: require('cmp')
031.077  000.502  000.502: require('lspkind')
031.355  000.057  000.057: require('luasnip.session.enqueueable_operations')
031.629  000.049  000.049: require('luasnip.util.events')
031.635  000.115  000.066: require('luasnip.nodes.node')
031.754  000.118  000.118: require('luasnip.nodes.insertNode')
031.866  000.111  000.111: require('luasnip.nodes.textNode')
031.923  000.056  000.056: require('luasnip.util.mark')
031.993  000.069  000.069: require('luasnip.util.pattern_tokenizer')
032.058  000.064  000.064: require('luasnip.util.dict')
032.609  000.011  000.011: require('jsregexp.core')
032.611  000.079  000.068: require('luasnip-jsregexp')
032.612  000.456  000.377: require('luasnip.util.jsregexp')
032.614  000.555  000.099: require('luasnip.nodes.util.trig_engines')
032.652  001.209  000.122: require('luasnip.nodes.snippet')
032.816  000.056  000.056: require('luasnip.util.parser.neovim_ast')
032.866  000.049  000.049: require('luasnip.util.str')
033.001  000.057  000.057: require('luasnip.util.directed_graph')
033.003  000.297  000.135: require('luasnip.util.parser.ast_utils')
033.062  000.058  000.058: require('luasnip.nodes.functionNode')
033.139  000.077  000.077: require('luasnip.nodes.choiceNode')
033.207  000.067  000.067: require('luasnip.nodes.dynamicNode')
033.253  000.045  000.045: require('luasnip.util.functions')
033.256  000.603  000.059: require('luasnip.util.parser.ast_parser')
033.332  000.076  000.076: require('luasnip.util.parser.neovim_parser')
033.336  001.979  000.092: require('luasnip.util.parser')
033.385  000.048  000.048: require('luasnip.nodes.snippetProxy')
033.488  000.102  000.102: require('luasnip.util.jsonc')
033.582  000.045  000.045: require('luasnip.nodes.duplicate')
033.583  000.093  000.048: require('luasnip.loaders.snippet_cache')
033.587  002.509  000.229: require('luasnip.loaders.from_vscode')
036.480  000.086  000.086: require('luasnip.nodes.multiSnippet')
038.343  000.089  000.089: require('codeium')
038.498  000.061  000.061: require('codeium.enums')
039.217  000.280  000.280: require('plenary.bit')
039.367  000.149  000.149: require('plenary.functional')
039.411  000.574  000.144: require('plenary.path')
039.456  000.690  000.116: require('plenary.log')
039.486  000.806  000.116: require('codeium.log')
039.497  000.870  000.064: require('codeium.notify')
039.498  000.938  000.068: require('codeium.config')
039.940  000.098  000.098: require('plenary.compat')
039.944  000.296  000.199: require('plenary.job')
040.016  000.071  000.071: require('plenary.curl')
040.020  000.521  000.154: require('codeium.io')
040.021  001.522  000.063: require('codeium.util')
040.024  001.679  000.096: require('codeium.source')
040.202  000.111  000.111: require('codeium.versions')
040.260  000.056  000.056: require('codeium.update')
040.263  000.238  000.071: require('codeium.api')
040.384  000.068  000.068: require('vim.health')
040.386  000.122  000.054: require('codeium.health')
042.544  000.087  000.087: require('codeium.virtual_text')
042.804  000.088  000.088: sourcing /Users/atharqadri/.local/share/nvim/lazy/vim-easy-align/plugin/easy_align.vim
043.319  000.019  000.019: sourcing /Users/atharqadri/.local/share/nvim/lazy/nvim-web-devicons/plugin/nvim-web-devicons.vim
043.771  000.063  000.063: require('bufferline.lazy')
043.871  000.097  000.097: require('bufferline.commands')
043.962  000.089  000.089: require('bufferline.config')
043.965  000.562  000.313: require('bufferline')
044.166  000.067  000.067: require('bufferline.utils')
044.167  000.194  000.127: require('bufferline.groups')
044.228  000.052  000.052: require('bufferline.constants')
044.279  000.050  000.050: require('bufferline.colors')
044.493  000.066  000.066: require('bufferline.highlights')
045.490  000.530  000.530: require('bufferline.hover')
045.603  000.089  000.089: require('bufferline.ui')
046.395  000.092  000.092: require('quake.log')
046.396  000.148  000.055: require('quake.config')
046.454  000.056  000.056: require('quake.sources.weather.config')
046.650  000.145  000.145: require('scratchpad.log')
046.653  000.199  000.053: require('quake.data')
046.883  000.048  000.048: require('notify.util.queue')
046.884  000.119  000.070: require('notify.util')
046.956  000.071  000.071: require('notify.config.highlights')
046.958  000.249  000.060: require('notify.config')
047.109  000.091  000.091: require('notify.stages')
047.164  000.055  000.055: require('notify.service.notification')
047.323  000.046  000.046: require('notify.animate.spring')
047.324  000.103  000.057: require('notify.animate')
047.326  000.161  000.058: require('notify.windows')
047.492  000.054  000.054: require('notify.service.buffer.highlights')
047.496  000.121  000.067: require('notify.service.buffer')
047.497  000.170  000.049: require('notify.service')
047.549  000.051  000.051: require('notify.stages.util')
047.550  000.588  000.060: require('notify.instance')
047.553  000.899  000.062: require('notify')
047.636  001.721  000.419: require('quake')
047.691  000.050  000.050: require('quake.notify')
047.811  000.055  000.055: require('notify.stages.fade_in_slide_out')
049.022  000.141  000.141: require('mason-core.functional')
049.075  000.049  000.049: require('mason-core.path')
049.131  000.055  000.055: require('mason.settings')
049.147  000.322  000.076: require('mason-core.log')
049.149  000.376  000.054: require('mason-core.EventEmitter')
049.202  000.052  000.052: require('mason-core.optional')
049.354  000.054  000.054: require('mason-core.async')
049.399  000.043  000.043: require('mason-core.async.uv')
049.402  000.199  000.102: require('mason-core.fs')
049.459  000.056  000.056: require('mason-registry.sources')
049.562  000.046  000.046: require('mason-core.functional.data')
049.614  000.052  000.052: require('mason-core.functional.function')
049.620  000.160  000.063: require('mason-core.functional.list')
049.628  000.919  000.076: require('mason-registry')
049.673  000.044  000.044: require('mason.version')
049.677  001.299  000.336: require('mason-tool-installer')
049.690  001.350  000.051: sourcing /Users/atharqadri/.local/share/nvim/lazy/mason-tool-installer.nvim/plugin/mason-tool-installer.lua
049.934  000.097  000.097: require('mason-core.functional.relation')
049.982  000.046  000.046: require('mason-core.functional.logic')
049.991  000.232  000.090: require('mason-core.platform')
049.992  000.281  000.049: require('mason')
050.092  000.047  000.047: require('mason-lspconfig.settings')
050.093  000.101  000.053: require('mason-lspconfig')
050.289  000.067  000.067: require('mason-core.functional.string')
050.315  000.174  000.107: require('mason.api.command')
050.466  000.055  000.055: require('mason-lspconfig.notify')
050.468  000.119  000.065: require('mason-lspconfig.lspconfig_hook')
051.651  000.147  000.147: require('lsp-file-operations.log')
051.655  000.506  000.359: require('lsp-file-operations')
052.333  000.108  000.108: require('nvim-tree.log')
052.579  000.066  000.066: require('nvim-tree.notify')
052.582  000.154  000.088: require('nvim-tree.events')
052.749  000.081  000.081: require('nvim-tree.iterators.node-iterator')
052.772  000.189  000.108: require('nvim-tree.utils')
052.783  000.449  000.106: require('nvim-tree.view')
053.014  000.059  000.059: require('nvim-tree.core')
053.157  000.072  000.072: require('nvim-tree.git.utils')
053.209  000.052  000.052: require('nvim-tree.renderer.components.devicons')
053.325  000.055  000.055: require('nvim-tree.classic')
053.329  000.119  000.064: require('nvim-tree.node')
053.333  000.318  000.075: require('nvim-tree.node.directory')
053.334  000.441  000.065: require('nvim-tree.actions.finders.find-file')
053.391  000.056  000.056: require('nvim-tree.actions.finders.search-node')
053.392  000.551  000.054: require('nvim-tree.actions.finders')
053.569  000.064  000.064: require('nvim-tree.node.file')
053.571  000.121  000.057: require('nvim-tree.actions.fs.create-file')
053.734  000.068  000.068: require('nvim-tree.lib')
053.870  000.054  000.054: require('nvim-tree.node.link')
053.893  000.157  000.103: require('nvim-tree.node.directory-link')
053.895  000.324  000.098: require('nvim-tree.actions.fs.remove-file')
053.966  000.070  000.070: require('nvim-tree.actions.fs.rename-file')
054.027  000.061  000.061: require('nvim-tree.actions.fs.trash')
054.029  000.636  000.060: require('nvim-tree.actions.fs')
054.213  000.070  000.070: require('nvim-tree.diagnostics')
054.215  000.124  000.055: require('nvim-tree.actions.moves.item')
054.277  000.062  000.062: require('nvim-tree.actions.moves.parent')
054.325  000.047  000.047: require('nvim-tree.actions.moves.sibling')
054.326  000.296  000.063: require('nvim-tree.actions.moves')
054.429  000.051  000.051: require('nvim-tree.actions.node.file-popup')
054.511  000.081  000.081: require('nvim-tree.actions.node.open-file')
054.567  000.056  000.056: require('nvim-tree.actions.node.run-command')
054.623  000.055  000.055: require('nvim-tree.actions.node.system-open')
054.695  000.070  000.070: require('nvim-tree.actions.node.buffer')
054.696  000.369  000.056: require('nvim-tree.actions.node')
054.844  000.058  000.058: require('nvim-tree.actions.root.change-dir')
054.898  000.053  000.053: require('nvim-tree.actions.root.dir-up')
054.899  000.166  000.056: require('nvim-tree.actions.root')
055.007  000.054  000.054: require('nvim-tree.actions.tree.find-file')
055.107  000.050  000.050: require('nvim-tree.actions.tree.modifiers.collapse-all')
055.166  000.058  000.058: require('nvim-tree.actions.tree.modifiers.expand-all')
055.167  000.159  000.051: require('nvim-tree.actions.tree.modifiers')
055.216  000.049  000.049: require('nvim-tree.actions.tree.open')
055.270  000.053  000.053: require('nvim-tree.actions.tree.toggle')
055.319  000.048  000.048: require('nvim-tree.actions.tree.resize')
055.320  000.420  000.057: require('nvim-tree.actions.tree')
055.321  002.538  000.099: require('nvim-tree.actions')
056.256  000.873  000.873: require('vim.diagnostic')
056.366  004.459  000.491: require('nvim-tree')
056.617  000.202  000.202: require('nvim-tree.legacy')
057.294  000.160  000.160: require('nvim-tree.keymap')
057.382  000.086  000.086: require('nvim-tree.appearance')
057.777  000.053  000.053: require('nvim-tree.buffers')
057.902  000.059  000.059: require('nvim-tree.git.runner')
058.001  000.098  000.098: require('nvim-tree.watcher')
058.004  000.222  000.066: require('nvim-tree.git')
058.119  000.067  000.067: require('nvim-tree.node.file-link')
058.120  000.116  000.049: require('nvim-tree.node.factory')
058.170  000.049  000.049: require('nvim-tree.node.root')
058.267  000.045  000.045: require('nvim-tree.enum')
058.270  000.099  000.054: require('nvim-tree.explorer.filters')
058.329  000.058  000.058: require('nvim-tree.marks')
058.385  000.055  000.055: require('nvim-tree.explorer.live-filter')
058.436  000.051  000.051: require('nvim-tree.explorer.sorter')
058.502  000.064  000.064: require('nvim-tree.actions.fs.clipboard')
058.753  000.084  000.084: require('nvim-tree.renderer.decorator')
058.755  000.137  000.053: require('nvim-tree.renderer.decorator.bookmarks')
058.837  000.082  000.082: require('nvim-tree.renderer.decorator.copied')
058.931  000.093  000.093: require('nvim-tree.renderer.decorator.cut')
059.014  000.083  000.083: require('nvim-tree.renderer.decorator.diagnostics')
059.103  000.088  000.088: require('nvim-tree.renderer.decorator.git')
059.162  000.058  000.058: require('nvim-tree.renderer.decorator.hidden')
059.219  000.056  000.056: require('nvim-tree.renderer.decorator.modified')
059.313  000.094  000.094: require('nvim-tree.renderer.decorator.opened')
059.360  000.046  000.046: require('nvim-tree.renderer.decorator.user')
059.410  000.049  000.049: require('nvim-tree.renderer.components.padding')
059.427  000.870  000.085: require('nvim-tree.renderer.builder')
059.430  000.928  000.058: require('nvim-tree.renderer')
059.435  001.799  000.104: require('nvim-tree.explorer')
059.486  000.050  000.050: require('nvim-tree.explorer.watch')
059.651  000.079  000.079: require('nvim-tree.renderer.components.full-name')
059.653  000.158  000.079: require('nvim-tree.renderer.components')
059.799  000.074  000.074: require('nvim-web-devicons.filetypes')
059.974  000.117  000.117: require('nvim-web-devicons.default.icons_by_filename')
060.176  000.201  000.201: require('nvim-web-devicons.default.icons_by_file_extension')
060.249  000.072  000.072: require('nvim-web-devicons.default.icons_by_operating_system')
060.300  000.050  000.050: require('nvim-web-devicons.default.icons_by_desktop_environment')
060.348  000.047  000.047: require('nvim-web-devicons.default.icons_by_window_manager')
060.349  000.542  000.054: require('nvim-web-devicons.icons-default')
060.492  000.837  000.221: require('nvim-web-devicons')
061.844  000.064  000.064: require('nvim-tree.help')
061.956  000.051  000.051: require('nvim-tree.appearance.hi-test')
062.030  000.184  000.133: require('nvim-tree.api')
062.095  000.052  000.052: require('nvim-tree.commands')
062.256  010.596  002.546: require('nvim-tree.api')
063.052  000.268  000.268: require('neodev')
063.103  000.050  000.050: require('neodev.config')
063.246  000.051  000.051: require('neodev.util')
063.248  000.106  000.055: require('neodev.lsp')
063.506  000.101  000.101: require('vim.lsp.log')
063.728  000.221  000.221: require('vim.lsp.protocol')
063.964  000.107  000.107: require('vim.lsp._snippet_grammar')
064.013  000.048  000.048: require('vim.highlight')
064.021  000.291  000.136: require('vim.lsp.util')
064.507  000.054  000.054: require('vim.lsp.sync')
064.510  000.487  000.434: require('vim.lsp._changetracking')
064.581  000.070  000.070: require('vim.lsp.rpc')
064.619  001.309  000.138: require('vim.lsp')
064.664  001.415  000.106: require('lspconfig.util')
064.967  000.048  000.048: sourcing /Users/atharqadri/.local/share/nvim/lazy/nvim-lspconfig/plugin/lspconfig.lua
065.153  000.043  000.043: require('lspconfig.async')
065.155  000.098  000.055: require('lspconfig.configs')
065.158  000.180  000.082: require('lspconfig')
065.257  000.046  000.046: require('cmp_nvim_lsp.source')
065.258  000.100  000.054: require('cmp_nvim_lsp')
065.393  000.045  000.045: require('mason-core.functional.table')
065.416  000.138  000.093: require('mason-lspconfig.mappings.server')
065.623  000.051  000.051: require('lspconfig.configs.clangd')
065.837  000.049  000.049: require('lspconfig.manager')
065.932  000.092  000.092: require('lspconfig.configs.html')
066.201  000.068  000.068: require('lspconfig.configs.svelte')
066.383  000.060  000.060: require('lspconfig.configs.tailwindcss')
066.598  000.056  000.056: require('lspconfig.configs.gopls')
066.725  000.052  000.052: require('lspconfig.configs.asm_lsp')
066.866  000.057  000.057: require('lspconfig.configs.pbls')
066.993  000.061  000.061: require('lspconfig.configs.cssls')
067.104  000.054  000.054: require('lspconfig.configs.buf_ls')
067.196  000.050  000.050: require('lspconfig.configs.emmet_ls')
067.324  000.059  000.059: require('lspconfig.configs.pyright')
067.451  000.051  000.051: require('lspconfig.configs.glsl_analyzer')
067.579  000.054  000.054: require('lspconfig.configs.prismals')
067.720  000.056  000.056: require('lspconfig.configs.zls')
067.879  000.088  000.088: require('lspconfig.configs.ts_ls')
068.036  000.072  000.072: require('lspconfig.configs.rust_analyzer')
068.202  000.077  000.077: require('lspconfig.configs.lua_ls')
068.372  000.086  000.086: require('lspconfig.configs.graphql')
068.438  017.969  003.367: require('lspconfig.util')
068.492  000.053  000.053: require('mason-lspconfig.server_config_extensions')
068.554  000.061  000.061: require('lspconfig.configs.omnisharp')
068.618  000.053  000.053: require('mason-lspconfig.ensure_installed')
068.756  000.066  000.066: require('mason-core.result')
068.981  000.109  000.109: require('mason-core.process')
069.067  000.085  000.085: require('mason-core.spawn')
069.069  000.258  000.064: require('mason-core.managers.powershell')
069.071  000.315  000.056: require('mason-core.fetch')
069.153  000.081  000.081: require('mason-core.providers')
069.405  000.128  000.128: require('mason-core.purl')
069.414  000.208  000.080: require('mason-core.package')
069.700  000.087  000.087: require('mason-core.installer.registry.expr')
069.706  000.219  000.132: require('mason-core.installer.registry.link')
070.078  000.081  000.081: require('mason-core.receipt')
070.091  000.174  000.093: require('mason-core.installer.context')
070.156  000.064  000.064: require('mason-core.async.control')
070.219  000.062  000.062: require('mason-core.installer.linker')
070.222  000.382  000.082: require('mason-core.installer')
070.236  000.469  000.087: require('mason-core.installer.managers.std')
070.238  000.531  000.062: require('mason-core.installer.registry.schemas')
070.298  000.059  000.059: require('mason-core.installer.registry.util')
070.304  000.890  000.081: require('mason-core.installer.registry')
070.307  001.153  000.055: require('mason-registry.sources.util')
070.313  001.690  000.076: require('mason-registry.sources.github')
073.848  000.049  000.049: require('mason-core.functional.number')
073.860  000.142  000.093: require('mason-lspconfig.api.command')
074.440  000.121  000.121: sourcing /Users/atharqadri/.local/share/nvim/lazy/vim-startuptime/plugin/startuptime.vim
075.259  000.306  000.306: require('lualine_require')
075.569  000.907  000.600: require('lualine')
075.656  000.087  000.087: require('lazy.status')
078.095  000.093  000.093: require('lualine.utils.mode')
078.870  000.062  000.062: require('fidget.spinner.patterns')
078.872  000.110  000.048: require('fidget.spinner')
078.920  000.047  000.047: require('fidget.options')
078.940  000.234  000.077: require('fidget.progress.display')
079.063  000.068  000.068: require('fidget.logger')
079.177  000.112  000.112: require('vim.lsp.handlers')
079.180  000.239  000.058: require('fidget.progress.lsp')
079.395  000.055  000.055: require('fidget.poll')
079.397  000.110  000.055: require('fidget.notification.model')
079.458  000.060  000.060: require('fidget.notification.window')
079.551  000.092  000.092: require('fidget.notification.view')
079.568  000.337  000.074: require('fidget.notification')
079.570  000.388  000.052: require('fidget.progress.handle')
079.645  000.999  000.138: require('fidget.progress')
079.858  000.206  000.206: require('fidget.commands')
079.986  000.057  000.057: require('fidget.integration.nvim-tree')
080.066  000.079  000.079: require('fidget.integration.xcodebuild-nvim')
080.069  000.208  000.073: require('fidget.integration')
080.072  001.688  000.274: require('fidget')
080.962  000.057  000.057: require('treesitter-context.config')
080.968  000.344  000.288: require('treesitter-context')
081.008  000.414  000.070: sourcing /Users/atharqadri/.local/share/nvim/lazy/nvim-treesitter-context/plugin/treesitter-context.lua
081.339  000.051  000.051: require('vim.treesitter.language')
081.383  000.042  000.042: require('vim.func')
081.428  000.043  000.043: require('vim.func._memoize')
081.436  000.208  000.072: require('vim.treesitter.query')
081.485  000.048  000.048: require('vim.treesitter._range')
081.492  000.333  000.077: require('vim.treesitter.languagetree')
081.495  000.394  000.061: require('vim.treesitter')
081.557  000.059  000.059: require('vim.treesitter.highlighter')
081.604  000.047  000.047: require('treesitter-context.util')
081.608  000.571  000.071: require('treesitter-context.render')
082.178  000.045  000.045: require('auto-session.logger')
082.184  000.114  000.069: require('auto-session.lib')
082.243  000.059  000.059: require('auto-session.config')
082.308  000.064  000.064: require('auto-session.autocmds')
082.313  000.622  000.385: require('auto-session')
083.445  000.124  000.124: sourcing /Users/atharqadri/.local/share/nvim/lazy/telescope.nvim/plugin/telescope.lua
083.884  000.057  000.057: require('telescope._extensions')
083.885  000.430  000.373: require('telescope')
084.143  000.065  000.065: require('plenary.strings')
084.193  000.049  000.049: require('telescope.deprecated')
084.547  000.147  000.147: require('telescope.log')
084.694  000.054  000.054: require('telescope.state')
084.720  000.171  000.117: require('telescope.utils')
084.723  000.529  000.212: require('telescope.sorters')
085.806  001.812  001.169: require('telescope.config')
085.952  000.057  000.057: require('plenary.window.border')
086.012  000.058  000.058: require('plenary.window')
086.060  000.047  000.047: require('plenary.popup.utils')
086.062  000.254  000.092: require('plenary.popup')
086.123  000.060  000.060: require('telescope.pickers.scroller')
086.179  000.055  000.055: require('telescope.actions.state')
086.238  000.058  000.058: require('telescope.actions.utils')
086.355  000.058  000.058: require('telescope.actions.mt')
086.361  000.122  000.065: require('telescope.actions.set')
086.468  000.056  000.056: require('telescope.config.resolve')
086.470  000.108  000.052: require('telescope.pickers.entry_display')
086.523  000.053  000.053: require('telescope.from_entry')
086.632  002.746  000.224: require('telescope.actions')
087.707  000.317  000.317: require('fzf_lib')
087.709  000.381  000.064: require('telescope._extensions.fzf')
087.740  004.875  001.194: require('telescope')
087.863  000.052  000.052: require('auto-session.session-lens.actions')
087.864  000.122  000.070: require('auto-session.session-lens')
087.926  000.061  000.061: require('telescope._extensions.session-lens')
088.139  000.039  000.039: sourcing /opt/homebrew/Cellar/neovim/0.10.3/share/nvim/runtime/plugin/editorconfig.lua
088.291  000.116  000.116: sourcing /opt/homebrew/Cellar/neovim/0.10.3/share/nvim/runtime/plugin/gzip.vim
088.381  000.044  000.044: sourcing /opt/homebrew/Cellar/neovim/0.10.3/share/nvim/runtime/plugin/man.lua
089.085  000.110  000.110: sourcing /opt/homebrew/Cellar/neovim/0.10.3/share/nvim/runtime/pack/dist/opt/matchit/plugin/matchit.vim
089.095  000.680  000.570: sourcing /opt/homebrew/Cellar/neovim/0.10.3/share/nvim/runtime/plugin/matchit.vim
089.241  000.084  000.084: sourcing /opt/homebrew/Cellar/neovim/0.10.3/share/nvim/runtime/plugin/matchparen.vim
089.359  000.018  000.018: sourcing /opt/homebrew/Cellar/neovim/0.10.3/share/nvim/runtime/plugin/netrwPlugin.vim
089.430  000.040  000.040: sourcing /opt/homebrew/Cellar/neovim/0.10.3/share/nvim/runtime/plugin/osc52.lua
089.541  000.079  000.079: sourcing /opt/homebrew/Cellar/neovim/0.10.3/share/nvim/runtime/plugin/rplugin.vim
089.619  000.030  000.030: sourcing /opt/homebrew/Cellar/neovim/0.10.3/share/nvim/runtime/plugin/shada.vim
089.676  000.009  000.009: sourcing /opt/homebrew/Cellar/neovim/0.10.3/share/nvim/runtime/plugin/spellfile.vim
089.747  000.040  000.040: sourcing /opt/homebrew/Cellar/neovim/0.10.3/share/nvim/runtime/plugin/tarPlugin.vim
089.814  000.035  000.035: sourcing /opt/homebrew/Cellar/neovim/0.10.3/share/nvim/runtime/plugin/tohtml.lua
089.856  000.008  000.008: sourcing /opt/homebrew/Cellar/neovim/0.10.3/share/nvim/runtime/plugin/tutor.vim
089.950  000.062  000.062: sourcing /opt/homebrew/Cellar/neovim/0.10.3/share/nvim/runtime/plugin/zipPlugin.vim
090.140  000.036  000.036: sourcing /Users/atharqadri/.local/share/nvim/lazy/cmp-nvim-lsp/after/plugin/cmp_nvim_lsp.lua
090.304  000.076  000.076: require('cmp_luasnip')
090.347  000.149  000.072: sourcing /Users/atharqadri/.local/share/nvim/lazy/cmp_luasnip/after/plugin/cmp_luasnip.lua
090.506  000.069  000.069: require('cmp_path')
090.515  000.106  000.037: sourcing /Users/atharqadri/.local/share/nvim/lazy/cmp-path/after/plugin/cmp_path.lua
090.795  000.046  000.046: require('cmp_buffer.timer')
090.797  000.097  000.051: require('cmp_buffer.buffer')
090.798  000.150  000.053: require('cmp_buffer.source')
090.799  000.200  000.050: require('cmp_buffer')
090.846  000.273  000.073: sourcing /Users/atharqadri/.local/share/nvim/lazy/cmp-buffer/after/plugin/cmp_buffer.lua
091.042  000.107  000.107: require('vim.lsp.client')
091.180  000.049  000.049: require('vim.glob')
091.181  000.103  000.054: require('vim.lsp._dynamic')
091.279  000.054  000.054: require('vim._system')
092.869  001.963  001.700: sourcing /Users/atharqadri/.config/nvim/after/plugin/load_test_lsp.lua
092.900  087.905  028.557: require('athar.lazy')
092.983  088.698  000.123: sourcing /Users/atharqadri/.config/nvim/init.lua
092.990  000.553: sourcing vimrc file(s)
093.396  000.047  000.047: sourcing /opt/homebrew/Cellar/neovim/0.10.3/share/nvim/runtime/filetype.lua
094.002  000.401  000.401: sourcing /opt/homebrew/Cellar/neovim/0.10.3/share/nvim/runtime/syntax/synload.vim
094.054  000.588  000.188: sourcing /opt/homebrew/Cellar/neovim/0.10.3/share/nvim/runtime/syntax/syntax.vim
094.059  000.434: inits 3
096.039  001.980: reading ShaDa
096.255  000.132  000.132: require('luasnip.loaders.from_lua')
096.376  000.119  000.119: require('luasnip.loaders.from_snipmate')
096.450  000.160: opening buffers
096.525  000.061  000.061: require('bufferline.state')
096.535  000.025: BufEnter autocommands
096.536  000.001: editing files in windows
097.071  000.436  000.436: require('alpha')
097.134  000.062  000.062: require('alpha.themes.dashboard')
100.760  000.066  000.066: require('lazy.util')
100.762  000.140  000.074: require('lazy.view.diff')
100.915  000.066  000.066: require('lazy.view.config')
100.921  000.158  000.091: require('lazy.view.float')
101.134  000.066  000.066: require('lazy.async')
101.137  000.130  000.063: require('lazy.manage.process')
101.199  000.062  000.062: require('lazy.manage.semver')
101.201  000.254  000.063: require('lazy.manage.git')
101.348  000.054  000.054: require('lazy.view.sections')
101.401  000.052  000.052: require('lazy.view.text')
101.404  000.202  000.095: require('lazy.view.render')
101.406  000.884  000.131: require('lazy.view')
101.430  003.511: VimEnter autocommands
101.629  000.199: UIEnter autocommands
101.889  000.122  000.122: sourcing /opt/homebrew/Cellar/neovim/0.10.3/share/nvim/runtime/autoload/provider/clipboard.vim
101.893  000.142: before starting main loop
102.091  000.064  000.064: require('bufferline.tabpages')
102.191  000.067  000.067: require('bufferline.models')
102.243  000.050  000.050: require('bufferline.pick')
102.338  000.084  000.084: require('bufferline.duplicates')
102.413  000.068  000.068: require('bufferline.diagnostics')
102.639  000.051  000.051: require('bufferline.numbers')
102.781  000.051  000.051: require('bufferline.sorters')
102.851  000.058  000.058: require('bufferline.offset')
102.906  000.052  000.052: require('bufferline.custom_area')
103.291  000.853: first screen update
103.293  000.001: --- NVIM STARTED ---

